{"/home/erick/Documentos/credit-payment/frontend/src/app/AppRouter.tsx": {"path":"/home/erick/Documentos/credit-payment/frontend/src/app/AppRouter.tsx","statementMap":{"0":{"start":{"line":7,"column":13},"end":{"line":25,"column":null}}},"fnMap":{},"branchMap":{},"s":{"0":1},"f":{},"b":{},"meta":{"lastBranch":0,"lastFunction":0,"lastStatement":1,"seen":{"s:7:13:25:Infinity":0}}}
,"/home/erick/Documentos/credit-payment/frontend/src/app/store.ts": {"path":"/home/erick/Documentos/credit-payment/frontend/src/app/store.ts","statementMap":{"0":{"start":{"line":12,"column":6},"end":{"line":20,"column":null}},"1":{"start":{"line":22,"column":22},"end":{"line":26,"column":null}},"2":{"start":{"line":28,"column":6},"end":{"line":28,"column":null}},"3":{"start":{"line":30,"column":13},"end":{"line":35,"column":null}},"4":{"start":{"line":32,"column":42},"end":{"line":34,"column":null}},"5":{"start":{"line":37,"column":13},"end":{"line":37,"column":null}}},"fnMap":{"0":{"name":"(anonymous_0)","decl":{"start":{"line":32,"column":16},"end":{"line":32,"column":17}},"loc":{"start":{"line":32,"column":42},"end":{"line":34,"column":null}},"line":32}},"branchMap":{},"s":{"0":1,"1":1,"2":1,"3":1,"4":1,"5":1},"f":{"0":1},"b":{},"meta":{"lastBranch":0,"lastFunction":1,"lastStatement":6,"seen":{"s:12:6:20:Infinity":0,"s:22:22:26:Infinity":1,"s:28:6:28:Infinity":2,"s:30:13:35:Infinity":3,"f:32:16:32:17":0,"s:32:42:34:Infinity":4,"s:37:13:37:Infinity":5}}}
,"/home/erick/Documentos/credit-payment/frontend/src/app/redux/orderTransactionApi.ts": {"path":"/home/erick/Documentos/credit-payment/frontend/src/app/redux/orderTransactionApi.ts","statementMap":{"0":{"start":{"line":6,"column":13},"end":{"line":33,"column":null}},"1":{"start":{"line":11,"column":29},"end":{"line":32,"column":null}},"2":{"start":{"line":13,"column":30},"end":{"line":20,"column":null}},"3":{"start":{"line":23,"column":36},"end":{"line":30,"column":null}},"4":{"start":{"line":35,"column":87},"end":{"line":35,"column":null}}},"fnMap":{"0":{"name":"(anonymous_0)","decl":{"start":{"line":11,"column":15},"end":{"line":11,"column":16}},"loc":{"start":{"line":11,"column":29},"end":{"line":32,"column":null}},"line":11},"1":{"name":"(anonymous_1)","decl":{"start":{"line":13,"column":19},"end":{"line":13,"column":20}},"loc":{"start":{"line":13,"column":30},"end":{"line":20,"column":null}},"line":13},"2":{"name":"(anonymous_2)","decl":{"start":{"line":23,"column":19},"end":{"line":23,"column":20}},"loc":{"start":{"line":23,"column":36},"end":{"line":30,"column":null}},"line":23}},"branchMap":{},"s":{"0":2,"1":2,"2":4,"3":5,"4":2},"f":{"0":2,"1":4,"2":5},"b":{},"meta":{"lastBranch":0,"lastFunction":3,"lastStatement":5,"seen":{"s:6:13:33:Infinity":0,"f:11:15:11:16":0,"s:11:29:32:Infinity":1,"f:13:19:13:20":1,"s:13:30:20:Infinity":2,"f:23:19:23:20":2,"s:23:36:30:Infinity":3,"s:35:87:35:Infinity":4}}}
,"/home/erick/Documentos/credit-payment/frontend/src/app/redux/productsApi.ts": {"path":"/home/erick/Documentos/credit-payment/frontend/src/app/redux/productsApi.ts","statementMap":{"0":{"start":{"line":4,"column":13},"end":{"line":14,"column":null}},"1":{"start":{"line":9,"column":29},"end":{"line":13,"column":null}},"2":{"start":{"line":11,"column":25},"end":{"line":11,"column":null}},"3":{"start":{"line":16,"column":39},"end":{"line":16,"column":null}}},"fnMap":{"0":{"name":"(anonymous_0)","decl":{"start":{"line":9,"column":15},"end":{"line":9,"column":16}},"loc":{"start":{"line":9,"column":29},"end":{"line":13,"column":null}},"line":9},"1":{"name":"(anonymous_1)","decl":{"start":{"line":11,"column":19},"end":{"line":11,"column":25}},"loc":{"start":{"line":11,"column":25},"end":{"line":11,"column":null}},"line":11}},"branchMap":{},"s":{"0":2,"1":2,"2":6,"3":2},"f":{"0":2,"1":6},"b":{},"meta":{"lastBranch":0,"lastFunction":2,"lastStatement":4,"seen":{"s:4:13:14:Infinity":0,"f:9:15:9:16":0,"s:9:29:13:Infinity":1,"f:11:19:11:25":1,"s:11:25:11:Infinity":2,"s:16:39:16:Infinity":3}}}
,"/home/erick/Documentos/credit-payment/frontend/src/app/redux/slices/cardSlice.ts": {"path":"/home/erick/Documentos/credit-payment/frontend/src/app/redux/slices/cardSlice.ts","statementMap":{"0":{"start":{"line":8,"column":32},"end":{"line":10,"column":null}},"1":{"start":{"line":12,"column":13},"end":{"line":23,"column":null}},"2":{"start":{"line":17,"column":12},"end":{"line":17,"column":null}},"3":{"start":{"line":20,"column":12},"end":{"line":20,"column":null}},"4":{"start":{"line":25,"column":38},"end":{"line":25,"column":null}}},"fnMap":{"0":{"name":"(anonymous_0)","decl":{"start":{"line":16,"column":17},"end":{"line":16,"column":18}},"loc":{"start":{"line":16,"column":63},"end":{"line":18,"column":null}},"line":16},"1":{"name":"(anonymous_1)","decl":{"start":{"line":19,"column":19},"end":{"line":19,"column":20}},"loc":{"start":{"line":19,"column":30},"end":{"line":21,"column":null}},"line":19}},"branchMap":{},"s":{"0":4,"1":4,"2":7,"3":4,"4":4},"f":{"0":7,"1":4},"b":{},"meta":{"lastBranch":0,"lastFunction":2,"lastStatement":5,"seen":{"s:8:32:10:Infinity":0,"s:12:13:23:Infinity":1,"f:16:17:16:18":0,"s:17:12:17:Infinity":2,"f:19:19:19:20":1,"s:20:12:20:Infinity":3,"s:25:38:25:Infinity":4}}}
,"/home/erick/Documentos/credit-payment/frontend/src/app/redux/slices/customerSlice.ts": {"path":"/home/erick/Documentos/credit-payment/frontend/src/app/redux/slices/customerSlice.ts","statementMap":{"0":{"start":{"line":9,"column":36},"end":{"line":11,"column":null}},"1":{"start":{"line":13,"column":13},"end":{"line":27,"column":null}},"2":{"start":{"line":18,"column":12},"end":{"line":18,"column":null}},"3":{"start":{"line":21,"column":12},"end":{"line":21,"column":null}},"4":{"start":{"line":24,"column":12},"end":{"line":24,"column":null}},"5":{"start":{"line":29,"column":103},"end":{"line":29,"column":null}}},"fnMap":{"0":{"name":"(anonymous_0)","decl":{"start":{"line":17,"column":29},"end":{"line":17,"column":30}},"loc":{"start":{"line":17,"column":73},"end":{"line":19,"column":null}},"line":17},"1":{"name":"(anonymous_1)","decl":{"start":{"line":20,"column":49},"end":{"line":20,"column":50}},"loc":{"start":{"line":20,"column":101},"end":{"line":22,"column":null}},"line":20},"2":{"name":"(anonymous_2)","decl":{"start":{"line":23,"column":31},"end":{"line":23,"column":32}},"loc":{"start":{"line":23,"column":42},"end":{"line":25,"column":null}},"line":23}},"branchMap":{},"s":{"0":5,"1":5,"2":21,"3":2,"4":5,"5":5},"f":{"0":21,"1":2,"2":5},"b":{},"meta":{"lastBranch":0,"lastFunction":3,"lastStatement":6,"seen":{"s:9:36:11:Infinity":0,"s:13:13:27:Infinity":1,"f:17:29:17:30":0,"s:18:12:18:Infinity":2,"f:20:49:20:50":1,"s:21:12:21:Infinity":3,"f:23:31:23:32":2,"s:24:12:24:Infinity":4,"s:29:103:29:Infinity":5}}}
,"/home/erick/Documentos/credit-payment/frontend/src/app/redux/slices/deliverySlice.ts": {"path":"/home/erick/Documentos/credit-payment/frontend/src/app/redux/slices/deliverySlice.ts","statementMap":{"0":{"start":{"line":9,"column":36},"end":{"line":11,"column":null}},"1":{"start":{"line":13,"column":13},"end":{"line":27,"column":null}},"2":{"start":{"line":18,"column":12},"end":{"line":18,"column":null}},"3":{"start":{"line":21,"column":12},"end":{"line":21,"column":null}},"4":{"start":{"line":24,"column":12},"end":{"line":24,"column":null}},"5":{"start":{"line":29,"column":46},"end":{"line":29,"column":null}}},"fnMap":{"0":{"name":"(anonymous_0)","decl":{"start":{"line":17,"column":21},"end":{"line":17,"column":22}},"loc":{"start":{"line":17,"column":65},"end":{"line":19,"column":null}},"line":17},"1":{"name":"(anonymous_1)","decl":{"start":{"line":20,"column":41},"end":{"line":20,"column":42}},"loc":{"start":{"line":20,"column":93},"end":{"line":22,"column":null}},"line":20},"2":{"name":"(anonymous_2)","decl":{"start":{"line":23,"column":23},"end":{"line":23,"column":24}},"loc":{"start":{"line":23,"column":34},"end":{"line":25,"column":null}},"line":23}},"branchMap":{},"s":{"0":4,"1":4,"2":6,"3":0,"4":1,"5":4},"f":{"0":6,"1":0,"2":1},"b":{},"meta":{"lastBranch":0,"lastFunction":3,"lastStatement":6,"seen":{"s:9:36:11:Infinity":0,"s:13:13:27:Infinity":1,"f:17:21:17:22":0,"s:18:12:18:Infinity":2,"f:20:41:20:42":1,"s:21:12:21:Infinity":3,"f:23:23:23:24":2,"s:24:12:24:Infinity":4,"s:29:46:29:Infinity":5}}}
,"/home/erick/Documentos/credit-payment/frontend/src/app/redux/slices/orderTransactionSlice.ts": {"path":"/home/erick/Documentos/credit-payment/frontend/src/app/redux/slices/orderTransactionSlice.ts","statementMap":{"0":{"start":{"line":8,"column":44},"end":{"line":10,"column":null}},"1":{"start":{"line":12,"column":13},"end":{"line":23,"column":null}},"2":{"start":{"line":17,"column":12},"end":{"line":17,"column":null}},"3":{"start":{"line":20,"column":12},"end":{"line":20,"column":null}},"4":{"start":{"line":25,"column":62},"end":{"line":25,"column":null}}},"fnMap":{"0":{"name":"(anonymous_0)","decl":{"start":{"line":16,"column":29},"end":{"line":16,"column":30}},"loc":{"start":{"line":16,"column":81},"end":{"line":18,"column":null}},"line":16},"1":{"name":"(anonymous_1)","decl":{"start":{"line":19,"column":31},"end":{"line":19,"column":32}},"loc":{"start":{"line":19,"column":42},"end":{"line":21,"column":null}},"line":19}},"branchMap":{},"s":{"0":5,"1":5,"2":7,"3":4,"4":5},"f":{"0":7,"1":4},"b":{},"meta":{"lastBranch":0,"lastFunction":2,"lastStatement":5,"seen":{"s:8:44:10:Infinity":0,"s:12:13:23:Infinity":1,"f:16:29:16:30":0,"s:17:12:17:Infinity":2,"f:19:31:19:32":1,"s:20:12:20:Infinity":3,"s:25:62:25:Infinity":4}}}
,"/home/erick/Documentos/credit-payment/frontend/src/app/redux/slices/productSlice.ts": {"path":"/home/erick/Documentos/credit-payment/frontend/src/app/redux/slices/productSlice.ts","statementMap":{"0":{"start":{"line":9,"column":35},"end":{"line":11,"column":null}},"1":{"start":{"line":13,"column":13},"end":{"line":27,"column":null}},"2":{"start":{"line":18,"column":12},"end":{"line":18,"column":null}},"3":{"start":{"line":21,"column":12},"end":{"line":21,"column":null}},"4":{"start":{"line":24,"column":12},"end":{"line":24,"column":null}},"5":{"start":{"line":29,"column":98},"end":{"line":29,"column":null}}},"fnMap":{"0":{"name":"(anonymous_0)","decl":{"start":{"line":17,"column":28},"end":{"line":17,"column":29}},"loc":{"start":{"line":17,"column":71},"end":{"line":19,"column":null}},"line":17},"1":{"name":"(anonymous_1)","decl":{"start":{"line":20,"column":48},"end":{"line":20,"column":49}},"loc":{"start":{"line":20,"column":100},"end":{"line":22,"column":null}},"line":20},"2":{"name":"(anonymous_2)","decl":{"start":{"line":23,"column":30},"end":{"line":23,"column":31}},"loc":{"start":{"line":23,"column":41},"end":{"line":25,"column":null}},"line":23}},"branchMap":{},"s":{"0":4,"1":4,"2":11,"3":6,"4":7,"5":4},"f":{"0":11,"1":6,"2":7},"b":{},"meta":{"lastBranch":0,"lastFunction":3,"lastStatement":6,"seen":{"s:9:35:11:Infinity":0,"s:13:13:27:Infinity":1,"f:17:28:17:29":0,"s:18:12:18:Infinity":2,"f:20:48:20:49":1,"s:21:12:21:Infinity":3,"f:23:30:23:31":2,"s:24:12:24:Infinity":4,"s:29:98:29:Infinity":5}}}
,"/home/erick/Documentos/credit-payment/frontend/src/features/product/components/AlertModal.tsx": {"path":"/home/erick/Documentos/credit-payment/frontend/src/features/product/components/AlertModal.tsx","statementMap":{"0":{"start":{"line":9,"column":4},"end":{"line":35,"column":null}}},"fnMap":{"0":{"name":"AlertModal","decl":{"start":{"line":7,"column":24},"end":{"line":7,"column":35}},"loc":{"start":{"line":7,"column":55},"end":{"line":37,"column":null}},"line":7}},"branchMap":{},"s":{"0":6},"f":{"0":6},"b":{},"meta":{"lastBranch":0,"lastFunction":1,"lastStatement":1,"seen":{"f:7:24:7:35":0,"s:9:4:35:Infinity":0}}}
,"/home/erick/Documentos/credit-payment/frontend/src/features/product/components/Backdrop.tsx": {"path":"/home/erick/Documentos/credit-payment/frontend/src/features/product/components/Backdrop.tsx","statementMap":{"0":{"start":{"line":12,"column":4},"end":{"line":22,"column":null}},"1":{"start":{"line":13,"column":8},"end":{"line":17,"column":null}},"2":{"start":{"line":14,"column":12},"end":{"line":14,"column":null}},"3":{"start":{"line":16,"column":12},"end":{"line":16,"column":null}},"4":{"start":{"line":19,"column":8},"end":{"line":21,"column":null}},"5":{"start":{"line":20,"column":12},"end":{"line":20,"column":null}},"6":{"start":{"line":24,"column":4},"end":{"line":24,"column":null}},"7":{"start":{"line":24,"column":15},"end":{"line":24,"column":null}},"8":{"start":{"line":26,"column":30},"end":{"line":31,"column":null}},"9":{"start":{"line":27,"column":8},"end":{"line":29,"column":null}},"10":{"start":{"line":28,"column":12},"end":{"line":28,"column":null}},"11":{"start":{"line":30,"column":8},"end":{"line":30,"column":null}},"12":{"start":{"line":33,"column":4},"end":{"line":38,"column":null}},"13":{"start":{"line":35,"column":62},"end":{"line":35,"column":null}}},"fnMap":{"0":{"name":"Backdrop","decl":{"start":{"line":10,"column":24},"end":{"line":10,"column":33}},"loc":{"start":{"line":10,"column":69},"end":{"line":40,"column":null}},"line":10},"1":{"name":"(anonymous_1)","decl":{"start":{"line":12,"column":14},"end":{"line":12,"column":20}},"loc":{"start":{"line":12,"column":20},"end":{"line":22,"column":7}},"line":12},"2":{"name":"(anonymous_2)","decl":{"start":{"line":19,"column":15},"end":{"line":19,"column":21}},"loc":{"start":{"line":19,"column":21},"end":{"line":21,"column":null}},"line":19},"3":{"name":"(anonymous_3)","decl":{"start":{"line":26,"column":59},"end":{"line":26,"column":60}},"loc":{"start":{"line":26,"column":70},"end":{"line":31,"column":5}},"line":26},"4":{"name":"(anonymous_4)","decl":{"start":{"line":35,"column":55},"end":{"line":35,"column":56}},"loc":{"start":{"line":35,"column":62},"end":{"line":35,"column":null}},"line":35}},"branchMap":{"0":{"loc":{"start":{"line":13,"column":8},"end":{"line":17,"column":null}},"type":"if","locations":[{"start":{"line":13,"column":8},"end":{"line":17,"column":null}},{"start":{"line":15,"column":15},"end":{"line":17,"column":null}}],"line":13},"1":{"loc":{"start":{"line":24,"column":4},"end":{"line":24,"column":null}},"type":"if","locations":[{"start":{"line":24,"column":4},"end":{"line":24,"column":null}},{"start":{},"end":{}}],"line":24},"2":{"loc":{"start":{"line":27,"column":8},"end":{"line":29,"column":null}},"type":"if","locations":[{"start":{"line":27,"column":8},"end":{"line":29,"column":null}},{"start":{},"end":{}}],"line":27}},"s":{"0":14,"1":14,"2":12,"3":2,"4":14,"5":14,"6":14,"7":2,"8":12,"9":13,"10":12,"11":1,"12":12,"13":4},"f":{"0":14,"1":14,"2":14,"3":13,"4":4},"b":{"0":[12,2],"1":[2,12],"2":[12,1]},"meta":{"lastBranch":3,"lastFunction":5,"lastStatement":14,"seen":{"f:10:24:10:33":0,"s:12:4:22:Infinity":0,"f:12:14:12:20":1,"b:13:8:17:Infinity:15:15:17:Infinity":0,"s:13:8:17:Infinity":1,"s:14:12:14:Infinity":2,"s:16:12:16:Infinity":3,"s:19:8:21:Infinity":4,"f:19:15:19:21":2,"s:20:12:20:Infinity":5,"b:24:4:24:Infinity:undefined:undefined:undefined:undefined":1,"s:24:4:24:Infinity":6,"s:24:15:24:Infinity":7,"s:26:30:31:Infinity":8,"f:26:59:26:60":3,"b:27:8:29:Infinity:undefined:undefined:undefined:undefined":2,"s:27:8:29:Infinity":9,"s:28:12:28:Infinity":10,"s:30:8:30:Infinity":11,"s:33:4:38:Infinity":12,"f:35:55:35:56":4,"s:35:62:35:Infinity":13}}}
,"/home/erick/Documentos/credit-payment/frontend/src/features/product/components/CreditCardModal.tsx": {"path":"/home/erick/Documentos/credit-payment/frontend/src/features/product/components/CreditCardModal.tsx","statementMap":{"0":{"start":{"line":17,"column":65},"end":{"line":17,"column":null}},"1":{"start":{"line":18,"column":26},"end":{"line":18,"column":null}},"2":{"start":{"line":19,"column":50},"end":{"line":19,"column":null}},"3":{"start":{"line":20,"column":56},"end":{"line":20,"column":null}},"4":{"start":{"line":22,"column":21},"end":{"line":22,"column":null}},"5":{"start":{"line":23,"column":10},"end":{"line":23,"column":null}},"6":{"start":{"line":25,"column":21},"end":{"line":29,"column":null}},"7":{"start":{"line":26,"column":8},"end":{"line":26,"column":null}},"8":{"start":{"line":27,"column":8},"end":{"line":27,"column":null}},"9":{"start":{"line":28,"column":8},"end":{"line":28,"column":null}},"10":{"start":{"line":31,"column":4},"end":{"line":123,"column":null}},"11":{"start":{"line":54,"column":43},"end":{"line":54,"column":null}},"12":{"start":{"line":65,"column":43},"end":{"line":65,"column":null}},"13":{"start":{"line":78,"column":47},"end":{"line":78,"column":null}},"14":{"start":{"line":90,"column":47},"end":{"line":90,"column":null}},"15":{"start":{"line":102,"column":47},"end":{"line":102,"column":null}},"16":{"start":{"line":109,"column":95},"end":{"line":109,"column":136}},"17":{"start":{"line":113,"column":98},"end":{"line":113,"column":145}}},"fnMap":{"0":{"name":"CreditCardModal","decl":{"start":{"line":15,"column":24},"end":{"line":15,"column":40}},"loc":{"start":{"line":15,"column":68},"end":{"line":125,"column":null}},"line":15},"1":{"name":"(anonymous_1)","decl":{"start":{"line":25,"column":21},"end":{"line":25,"column":22}},"loc":{"start":{"line":25,"column":43},"end":{"line":29,"column":null}},"line":25},"2":{"name":"(anonymous_2)","decl":{"start":{"line":54,"column":37},"end":{"line":54,"column":43}},"loc":{"start":{"line":54,"column":43},"end":{"line":54,"column":null}},"line":54},"3":{"name":"(anonymous_3)","decl":{"start":{"line":65,"column":37},"end":{"line":65,"column":43}},"loc":{"start":{"line":65,"column":43},"end":{"line":65,"column":null}},"line":65},"4":{"name":"(anonymous_4)","decl":{"start":{"line":78,"column":41},"end":{"line":78,"column":47}},"loc":{"start":{"line":78,"column":47},"end":{"line":78,"column":null}},"line":78},"5":{"name":"(anonymous_5)","decl":{"start":{"line":90,"column":41},"end":{"line":90,"column":47}},"loc":{"start":{"line":90,"column":47},"end":{"line":90,"column":null}},"line":90},"6":{"name":"(anonymous_6)","decl":{"start":{"line":102,"column":41},"end":{"line":102,"column":47}},"loc":{"start":{"line":102,"column":47},"end":{"line":102,"column":null}},"line":102},"7":{"name":"(anonymous_7)","decl":{"start":{"line":109,"column":89},"end":{"line":109,"column":95}},"loc":{"start":{"line":109,"column":95},"end":{"line":109,"column":136}},"line":109},"8":{"name":"(anonymous_8)","decl":{"start":{"line":113,"column":92},"end":{"line":113,"column":98}},"loc":{"start":{"line":113,"column":98},"end":{"line":113,"column":145}},"line":113}},"branchMap":{"0":{"loc":{"start":{"line":56,"column":25},"end":{"line":56,"column":null}},"type":"binary-expr","locations":[{"start":{"line":56,"column":25},"end":{"line":56,"column":42}},{"start":{"line":56,"column":42},"end":{"line":56,"column":null}}],"line":56},"1":{"loc":{"start":{"line":67,"column":25},"end":{"line":67,"column":null}},"type":"binary-expr","locations":[{"start":{"line":67,"column":25},"end":{"line":67,"column":46}},{"start":{"line":67,"column":46},"end":{"line":67,"column":null}}],"line":67},"2":{"loc":{"start":{"line":80,"column":29},"end":{"line":80,"column":null}},"type":"binary-expr","locations":[{"start":{"line":80,"column":29},"end":{"line":80,"column":48}},{"start":{"line":80,"column":48},"end":{"line":80,"column":null}}],"line":80},"3":{"loc":{"start":{"line":92,"column":29},"end":{"line":92,"column":null}},"type":"binary-expr","locations":[{"start":{"line":92,"column":29},"end":{"line":92,"column":47}},{"start":{"line":92,"column":47},"end":{"line":92,"column":null}}],"line":92},"4":{"loc":{"start":{"line":104,"column":29},"end":{"line":104,"column":null}},"type":"binary-expr","locations":[{"start":{"line":104,"column":29},"end":{"line":104,"column":43}},{"start":{"line":104,"column":43},"end":{"line":104,"column":null}}],"line":104},"5":{"loc":{"start":{"line":119,"column":56},"end":{"line":119,"column":101}},"type":"binary-expr","locations":[{"start":{"line":119,"column":56},"end":{"line":119,"column":78}},{"start":{"line":119,"column":78},"end":{"line":119,"column":101}}],"line":119}},"s":{"0":79,"1":79,"2":79,"3":79,"4":79,"5":79,"6":79,"7":1,"8":1,"9":1,"10":79,"11":7,"12":1,"13":1,"14":0,"15":0,"16":11,"17":9},"f":{"0":79,"1":1,"2":7,"3":1,"4":1,"5":0,"6":0,"7":11,"8":9},"b":{"0":[79,6],"1":[79,6],"2":[79,6],"3":[79,6],"4":[79,6],"5":[79,25]},"meta":{"lastBranch":6,"lastFunction":9,"lastStatement":18,"seen":{"f:15:24:15:40":0,"s:17:65:17:Infinity":0,"s:18:26:18:Infinity":1,"s:19:50:19:Infinity":2,"s:20:56:20:Infinity":3,"s:22:21:22:Infinity":4,"s:23:10:23:Infinity":5,"s:25:21:29:Infinity":6,"f:25:21:25:22":1,"s:26:8:26:Infinity":7,"s:27:8:27:Infinity":8,"s:28:8:28:Infinity":9,"s:31:4:123:Infinity":10,"f:54:37:54:43":2,"s:54:43:54:Infinity":11,"b:56:25:56:42:56:42:56:Infinity":0,"f:65:37:65:43":3,"s:65:43:65:Infinity":12,"b:67:25:67:46:67:46:67:Infinity":1,"f:78:41:78:47":4,"s:78:47:78:Infinity":13,"b:80:29:80:48:80:48:80:Infinity":2,"f:90:41:90:47":5,"s:90:47:90:Infinity":14,"b:92:29:92:47:92:47:92:Infinity":3,"f:102:41:102:47":6,"s:102:47:102:Infinity":15,"b:104:29:104:43:104:43:104:Infinity":4,"f:109:89:109:95":7,"s:109:95:109:136":16,"f:113:92:113:98":8,"s:113:98:113:145":17,"b:119:56:119:78:119:78:119:101":5}}}
,"/home/erick/Documentos/credit-payment/frontend/src/features/product/components/CustomerForm.tsx": {"path":"/home/erick/Documentos/credit-payment/frontend/src/features/product/components/CustomerForm.tsx","statementMap":{"0":{"start":{"line":15,"column":58},"end":{"line":15,"column":null}},"1":{"start":{"line":16,"column":10},"end":{"line":16,"column":null}},"2":{"start":{"line":17,"column":44},"end":{"line":17,"column":null}},"3":{"start":{"line":19,"column":21},"end":{"line":23,"column":null}},"4":{"start":{"line":20,"column":8},"end":{"line":20,"column":null}},"5":{"start":{"line":21,"column":8},"end":{"line":21,"column":null}},"6":{"start":{"line":22,"column":8},"end":{"line":22,"column":null}},"7":{"start":{"line":25,"column":4},"end":{"line":71,"column":null}}},"fnMap":{"0":{"name":"CustomerForm","decl":{"start":{"line":13,"column":24},"end":{"line":13,"column":37}},"loc":{"start":{"line":13,"column":75},"end":{"line":73,"column":null}},"line":13},"1":{"name":"(anonymous_1)","decl":{"start":{"line":19,"column":21},"end":{"line":19,"column":22}},"loc":{"start":{"line":19,"column":41},"end":{"line":23,"column":null}},"line":19}},"branchMap":{"0":{"loc":{"start":{"line":38,"column":21},"end":{"line":38,"column":null}},"type":"binary-expr","locations":[{"start":{"line":38,"column":21},"end":{"line":38,"column":37}},{"start":{"line":38,"column":37},"end":{"line":38,"column":null}}],"line":38},"1":{"loc":{"start":{"line":42,"column":21},"end":{"line":42,"column":null}},"type":"binary-expr","locations":[{"start":{"line":42,"column":21},"end":{"line":42,"column":36}},{"start":{"line":42,"column":36},"end":{"line":42,"column":null}}],"line":42},"2":{"loc":{"start":{"line":46,"column":21},"end":{"line":46,"column":null}},"type":"binary-expr","locations":[{"start":{"line":46,"column":21},"end":{"line":46,"column":40}},{"start":{"line":46,"column":40},"end":{"line":46,"column":null}}],"line":46},"3":{"loc":{"start":{"line":56,"column":21},"end":{"line":56,"column":null}},"type":"binary-expr","locations":[{"start":{"line":56,"column":21},"end":{"line":56,"column":35}},{"start":{"line":56,"column":35},"end":{"line":56,"column":null}}],"line":56},"4":{"loc":{"start":{"line":67,"column":21},"end":{"line":67,"column":null}},"type":"binary-expr","locations":[{"start":{"line":67,"column":21},"end":{"line":67,"column":37}},{"start":{"line":67,"column":37},"end":{"line":67,"column":null}}],"line":67},"5":{"loc":{"start":{"line":69,"column":17},"end":{"line":69,"column":null}},"type":"binary-expr","locations":[{"start":{"line":69,"column":17},"end":{"line":69,"column":45}},{"start":{"line":69,"column":45},"end":{"line":69,"column":null}}],"line":69}},"s":{"0":55,"1":55,"2":55,"3":55,"4":7,"5":7,"6":7,"7":55},"f":{"0":55,"1":7},"b":{"0":[55,9],"1":[55,10],"2":[55,10],"3":[55,10],"4":[55,10],"5":[55,48]},"meta":{"lastBranch":6,"lastFunction":2,"lastStatement":8,"seen":{"f:13:24:13:37":0,"s:15:58:15:Infinity":0,"s:16:10:16:Infinity":1,"s:17:44:17:Infinity":2,"s:19:21:23:Infinity":3,"f:19:21:19:22":1,"s:20:8:20:Infinity":4,"s:21:8:21:Infinity":5,"s:22:8:22:Infinity":6,"s:25:4:71:Infinity":7,"b:38:21:38:37:38:37:38:Infinity":0,"b:42:21:42:36:42:36:42:Infinity":1,"b:46:21:46:40:46:40:46:Infinity":2,"b:56:21:56:35:56:35:56:Infinity":3,"b:67:21:67:37:67:37:67:Infinity":4,"b:69:17:69:45:69:45:69:Infinity":5}}}
,"/home/erick/Documentos/credit-payment/frontend/src/features/product/components/DeliveryForm.tsx": {"path":"/home/erick/Documentos/credit-payment/frontend/src/features/product/components/DeliveryForm.tsx","statementMap":{"0":{"start":{"line":14,"column":58},"end":{"line":14,"column":null}},"1":{"start":{"line":15,"column":10},"end":{"line":15,"column":null}},"2":{"start":{"line":17,"column":21},"end":{"line":21,"column":null}},"3":{"start":{"line":18,"column":8},"end":{"line":18,"column":null}},"4":{"start":{"line":19,"column":8},"end":{"line":19,"column":null}},"5":{"start":{"line":20,"column":8},"end":{"line":20,"column":null}},"6":{"start":{"line":23,"column":4},"end":{"line":50,"column":null}}},"fnMap":{"0":{"name":"DeliveryForm","decl":{"start":{"line":12,"column":24},"end":{"line":12,"column":37}},"loc":{"start":{"line":12,"column":74},"end":{"line":52,"column":null}},"line":12},"1":{"name":"(anonymous_1)","decl":{"start":{"line":17,"column":21},"end":{"line":17,"column":22}},"loc":{"start":{"line":17,"column":41},"end":{"line":21,"column":null}},"line":17}},"branchMap":{"0":{"loc":{"start":{"line":30,"column":21},"end":{"line":30,"column":null}},"type":"binary-expr","locations":[{"start":{"line":30,"column":21},"end":{"line":30,"column":39}},{"start":{"line":30,"column":39},"end":{"line":30,"column":null}}],"line":30},"1":{"loc":{"start":{"line":34,"column":21},"end":{"line":34,"column":null}},"type":"binary-expr","locations":[{"start":{"line":34,"column":21},"end":{"line":34,"column":36}},{"start":{"line":34,"column":36},"end":{"line":34,"column":null}}],"line":34},"2":{"loc":{"start":{"line":38,"column":21},"end":{"line":38,"column":null}},"type":"binary-expr","locations":[{"start":{"line":38,"column":21},"end":{"line":38,"column":38}},{"start":{"line":38,"column":38},"end":{"line":38,"column":null}}],"line":38},"3":{"loc":{"start":{"line":42,"column":21},"end":{"line":42,"column":null}},"type":"binary-expr","locations":[{"start":{"line":42,"column":21},"end":{"line":42,"column":42}},{"start":{"line":42,"column":42},"end":{"line":42,"column":null}}],"line":42},"4":{"loc":{"start":{"line":46,"column":21},"end":{"line":46,"column":null}},"type":"binary-expr","locations":[{"start":{"line":46,"column":21},"end":{"line":46,"column":48}},{"start":{"line":46,"column":48},"end":{"line":46,"column":null}}],"line":46}},"s":{"0":26,"1":26,"2":26,"3":4,"4":4,"5":4,"6":26},"f":{"0":26,"1":4},"b":{"0":[26,2],"1":[26,3],"2":[26,3],"3":[26,4],"4":[26,3]},"meta":{"lastBranch":5,"lastFunction":2,"lastStatement":7,"seen":{"f:12:24:12:37":0,"s:14:58:14:Infinity":0,"s:15:10:15:Infinity":1,"s:17:21:21:Infinity":2,"f:17:21:17:22":1,"s:18:8:18:Infinity":3,"s:19:8:19:Infinity":4,"s:20:8:20:Infinity":5,"s:23:4:50:Infinity":6,"b:30:21:30:39:30:39:30:Infinity":0,"b:34:21:34:36:34:36:34:Infinity":1,"b:38:21:38:38:38:38:38:Infinity":2,"b:42:21:42:42:42:42:42:Infinity":3,"b:46:21:46:48:46:48:46:Infinity":4}}}
,"/home/erick/Documentos/credit-payment/frontend/src/features/product/components/FinalStatus.tsx": {"path":"/home/erick/Documentos/credit-payment/frontend/src/features/product/components/FinalStatus.tsx","statementMap":{"0":{"start":{"line":12,"column":10},"end":{"line":12,"column":null}},"1":{"start":{"line":12,"column":63},"end":{"line":12,"column":102}},"2":{"start":{"line":14,"column":29},"end":{"line":26,"column":null}},"3":{"start":{"line":15,"column":8},"end":{"line":25,"column":null}},"4":{"start":{"line":17,"column":16},"end":{"line":17,"column":null}},"5":{"start":{"line":20,"column":16},"end":{"line":20,"column":null}},"6":{"start":{"line":22,"column":16},"end":{"line":22,"column":null}},"7":{"start":{"line":24,"column":16},"end":{"line":24,"column":null}},"8":{"start":{"line":28,"column":4},"end":{"line":46,"column":null}}},"fnMap":{"0":{"name":"FinalStatus","decl":{"start":{"line":10,"column":24},"end":{"line":10,"column":36}},"loc":{"start":{"line":10,"column":62},"end":{"line":48,"column":null}},"line":10},"1":{"name":"(anonymous_1)","decl":{"start":{"line":12,"column":41},"end":{"line":12,"column":42}},"loc":{"start":{"line":12,"column":63},"end":{"line":12,"column":102}},"line":12},"2":{"name":"(anonymous_2)","decl":{"start":{"line":14,"column":29},"end":{"line":14,"column":30}},"loc":{"start":{"line":14,"column":50},"end":{"line":26,"column":null}},"line":14}},"branchMap":{"0":{"loc":{"start":{"line":15,"column":8},"end":{"line":25,"column":null}},"type":"switch","locations":[{"start":{"line":16,"column":12},"end":{"line":17,"column":null}},{"start":{"line":18,"column":12},"end":{"line":18,"column":null}},{"start":{"line":19,"column":12},"end":{"line":20,"column":null}},{"start":{"line":21,"column":12},"end":{"line":22,"column":null}},{"start":{"line":23,"column":12},"end":{"line":24,"column":null}}],"line":15}},"s":{"0":33,"1":65,"2":33,"3":33,"4":20,"5":4,"6":2,"7":7,"8":33},"f":{"0":33,"1":65,"2":33},"b":{"0":[20,2,4,2,7]},"meta":{"lastBranch":1,"lastFunction":3,"lastStatement":9,"seen":{"f:10:24:10:36":0,"s:12:10:12:Infinity":0,"f:12:41:12:42":1,"s:12:63:12:102":1,"s:14:29:26:Infinity":2,"f:14:29:14:30":2,"b:16:12:17:Infinity:18:12:18:Infinity:19:12:20:Infinity:21:12:22:Infinity:23:12:24:Infinity":0,"s:15:8:25:Infinity":3,"s:17:16:17:Infinity":4,"s:20:16:20:Infinity":5,"s:22:16:22:Infinity":6,"s:24:16:24:Infinity":7,"s:28:4:46:Infinity":8}}}
,"/home/erick/Documentos/credit-payment/frontend/src/features/product/components/ProductCard.tsx": {"path":"/home/erick/Documentos/credit-payment/frontend/src/features/product/components/ProductCard.tsx","statementMap":{"0":{"start":{"line":14,"column":10},"end":{"line":14,"column":null}},"1":{"start":{"line":15,"column":10},"end":{"line":15,"column":null}},"2":{"start":{"line":17,"column":22},"end":{"line":20,"column":null}},"3":{"start":{"line":18,"column":8},"end":{"line":18,"column":null}},"4":{"start":{"line":19,"column":8},"end":{"line":19,"column":null}},"5":{"start":{"line":23,"column":4},"end":{"line":41,"column":null}}},"fnMap":{"0":{"name":"ProductCard","decl":{"start":{"line":12,"column":16},"end":{"line":12,"column":28}},"loc":{"start":{"line":12,"column":55},"end":{"line":43,"column":null}},"line":12},"1":{"name":"(anonymous_1)","decl":{"start":{"line":17,"column":22},"end":{"line":17,"column":28}},"loc":{"start":{"line":17,"column":28},"end":{"line":20,"column":null}},"line":17}},"branchMap":{"0":{"loc":{"start":{"line":33,"column":21},"end":{"line":33,"column":null}},"type":"cond-expr","locations":[{"start":{"line":33,"column":43},"end":{"line":33,"column":57}},{"start":{"line":33,"column":57},"end":{"line":33,"column":null}}],"line":33}},"s":{"0":13,"1":13,"2":13,"3":4,"4":4,"5":13},"f":{"0":13,"1":4},"b":{"0":[3,10]},"meta":{"lastBranch":1,"lastFunction":2,"lastStatement":6,"seen":{"f:12:16:12:28":0,"s:14:10:14:Infinity":0,"s:15:10:15:Infinity":1,"s:17:22:20:Infinity":2,"f:17:22:17:28":1,"s:18:8:18:Infinity":3,"s:19:8:19:Infinity":4,"s:23:4:41:Infinity":5,"b:33:43:33:57:33:57:33:Infinity":0}}}
,"/home/erick/Documentos/credit-payment/frontend/src/features/product/components/SummaryOrder.tsx": {"path":"/home/erick/Documentos/credit-payment/frontend/src/features/product/components/SummaryOrder.tsx","statementMap":{"0":{"start":{"line":15,"column":10},"end":{"line":15,"column":null}},"1":{"start":{"line":15,"column":54},"end":{"line":15,"column":83}},"2":{"start":{"line":16,"column":10},"end":{"line":16,"column":null}},"3":{"start":{"line":16,"column":55},"end":{"line":16,"column":86}},"4":{"start":{"line":17,"column":10},"end":{"line":17,"column":null}},"5":{"start":{"line":17,"column":55},"end":{"line":17,"column":78}},"6":{"start":{"line":18,"column":10},"end":{"line":18,"column":null}},"7":{"start":{"line":18,"column":63},"end":{"line":18,"column":102}},"8":{"start":{"line":20,"column":4},"end":{"line":56,"column":null}}},"fnMap":{"0":{"name":"SummaryOrder","decl":{"start":{"line":13,"column":24},"end":{"line":13,"column":37}},"loc":{"start":{"line":13,"column":74},"end":{"line":58,"column":null}},"line":13},"1":{"name":"(anonymous_1)","decl":{"start":{"line":15,"column":32},"end":{"line":15,"column":33}},"loc":{"start":{"line":15,"column":54},"end":{"line":15,"column":83}},"line":15},"2":{"name":"(anonymous_2)","decl":{"start":{"line":16,"column":33},"end":{"line":16,"column":34}},"loc":{"start":{"line":16,"column":55},"end":{"line":16,"column":86}},"line":16},"3":{"name":"(anonymous_3)","decl":{"start":{"line":17,"column":33},"end":{"line":17,"column":34}},"loc":{"start":{"line":17,"column":55},"end":{"line":17,"column":78}},"line":17},"4":{"name":"(anonymous_4)","decl":{"start":{"line":18,"column":41},"end":{"line":18,"column":42}},"loc":{"start":{"line":18,"column":63},"end":{"line":18,"column":102}},"line":18}},"branchMap":{"0":{"loc":{"start":{"line":29,"column":36},"end":{"line":29,"column":55}},"type":"binary-expr","locations":[{"start":{"line":29,"column":36},"end":{"line":29,"column":54}},{"start":{"line":29,"column":54},"end":{"line":29,"column":55}}],"line":29},"1":{"loc":{"start":{"line":49,"column":36},"end":{"line":49,"column":64}},"type":"binary-expr","locations":[{"start":{"line":49,"column":36},"end":{"line":49,"column":63}},{"start":{"line":49,"column":63},"end":{"line":49,"column":64}}],"line":49}},"s":{"0":23,"1":46,"2":23,"3":46,"4":23,"5":46,"6":23,"7":46,"8":23},"f":{"0":23,"1":46,"2":46,"3":46,"4":46},"b":{"0":[23,1],"1":[23,1]},"meta":{"lastBranch":2,"lastFunction":5,"lastStatement":9,"seen":{"f:13:24:13:37":0,"s:15:10:15:Infinity":0,"f:15:32:15:33":1,"s:15:54:15:83":1,"s:16:10:16:Infinity":2,"f:16:33:16:34":2,"s:16:55:16:86":3,"s:17:10:17:Infinity":4,"f:17:33:17:34":3,"s:17:55:17:78":5,"s:18:10:18:Infinity":6,"f:18:41:18:42":4,"s:18:63:18:102":7,"s:20:4:56:Infinity":8,"b:29:36:29:54:29:54:29:55":0,"b:49:36:49:63:49:63:49:64":1}}}
,"/home/erick/Documentos/credit-payment/frontend/src/features/product/components/styles/AlertModal.css": {"path":"/home/erick/Documentos/credit-payment/frontend/src/features/product/components/styles/AlertModal.css","statementMap":{},"fnMap":{},"branchMap":{},"s":{},"f":{},"b":{},"meta":{"lastBranch":0,"lastFunction":0,"lastStatement":0,"seen":{}}}
,"/home/erick/Documentos/credit-payment/frontend/src/features/product/components/styles/Backdrop.css": {"path":"/home/erick/Documentos/credit-payment/frontend/src/features/product/components/styles/Backdrop.css","statementMap":{},"fnMap":{},"branchMap":{},"s":{},"f":{},"b":{},"meta":{"lastBranch":0,"lastFunction":0,"lastStatement":0,"seen":{}}}
,"/home/erick/Documentos/credit-payment/frontend/src/features/product/components/styles/CustomerForm.css": {"path":"/home/erick/Documentos/credit-payment/frontend/src/features/product/components/styles/CustomerForm.css","statementMap":{},"fnMap":{},"branchMap":{},"s":{},"f":{},"b":{},"meta":{"lastBranch":0,"lastFunction":0,"lastStatement":0,"seen":{}}}
,"/home/erick/Documentos/credit-payment/frontend/src/features/product/components/styles/DeliveryForm.css": {"path":"/home/erick/Documentos/credit-payment/frontend/src/features/product/components/styles/DeliveryForm.css","statementMap":{},"fnMap":{},"branchMap":{},"s":{},"f":{},"b":{},"meta":{"lastBranch":0,"lastFunction":0,"lastStatement":0,"seen":{}}}
,"/home/erick/Documentos/credit-payment/frontend/src/features/product/components/styles/ProductCard.css": {"path":"/home/erick/Documentos/credit-payment/frontend/src/features/product/components/styles/ProductCard.css","statementMap":{},"fnMap":{},"branchMap":{},"s":{},"f":{},"b":{},"meta":{"lastBranch":0,"lastFunction":0,"lastStatement":0,"seen":{}}}
,"/home/erick/Documentos/credit-payment/frontend/src/features/product/pages/CustomerPage.tsx": {"path":"/home/erick/Documentos/credit-payment/frontend/src/features/product/pages/CustomerPage.tsx","statementMap":{"0":{"start":{"line":24,"column":24},"end":{"line":24,"column":null}},"1":{"start":{"line":25,"column":34},"end":{"line":25,"column":null}},"2":{"start":{"line":26,"column":38},"end":{"line":26,"column":null}},"3":{"start":{"line":27,"column":46},"end":{"line":27,"column":null}},"4":{"start":{"line":28,"column":33},"end":{"line":28,"column":null}},"5":{"start":{"line":30,"column":10},"end":{"line":30,"column":null}},"6":{"start":{"line":30,"column":55},"end":{"line":30,"column":86}},"7":{"start":{"line":31,"column":10},"end":{"line":31,"column":null}},"8":{"start":{"line":31,"column":55},"end":{"line":31,"column":78}},"9":{"start":{"line":32,"column":10},"end":{"line":32,"column":null}},"10":{"start":{"line":32,"column":54},"end":{"line":32,"column":83}},"11":{"start":{"line":33,"column":10},"end":{"line":33,"column":null}},"12":{"start":{"line":33,"column":51},"end":{"line":33,"column":66}},"13":{"start":{"line":34,"column":10},"end":{"line":34,"column":null}},"14":{"start":{"line":34,"column":63},"end":{"line":34,"column":102}},"15":{"start":{"line":36,"column":10},"end":{"line":36,"column":null}},"16":{"start":{"line":37,"column":10},"end":{"line":37,"column":null}},"17":{"start":{"line":39,"column":56},"end":{"line":39,"column":null}},"18":{"start":{"line":40,"column":95},"end":{"line":40,"column":null}},"19":{"start":{"line":42,"column":27},"end":{"line":45,"column":null}},"20":{"start":{"line":43,"column":8},"end":{"line":43,"column":null}},"21":{"start":{"line":44,"column":8},"end":{"line":44,"column":null}},"22":{"start":{"line":47,"column":34},"end":{"line":50,"column":null}},"23":{"start":{"line":48,"column":8},"end":{"line":48,"column":null}},"24":{"start":{"line":49,"column":8},"end":{"line":49,"column":null}},"25":{"start":{"line":52,"column":40},"end":{"line":67,"column":null}},"26":{"start":{"line":53,"column":8},"end":{"line":53,"column":null}},"27":{"start":{"line":53,"column":47},"end":{"line":53,"column":null}},"28":{"start":{"line":54,"column":58},"end":{"line":59,"column":null}},"29":{"start":{"line":60,"column":8},"end":{"line":66,"column":null}},"30":{"start":{"line":61,"column":47},"end":{"line":61,"column":null}},"31":{"start":{"line":62,"column":12},"end":{"line":62,"column":null}},"32":{"start":{"line":64,"column":12},"end":{"line":64,"column":null}},"33":{"start":{"line":65,"column":12},"end":{"line":65,"column":null}},"34":{"start":{"line":69,"column":41},"end":{"line":79,"column":null}},"35":{"start":{"line":70,"column":8},"end":{"line":78,"column":null}},"36":{"start":{"line":71,"column":47},"end":{"line":73,"column":null}},"37":{"start":{"line":74,"column":12},"end":{"line":74,"column":null}},"38":{"start":{"line":76,"column":12},"end":{"line":76,"column":null}},"39":{"start":{"line":77,"column":12},"end":{"line":77,"column":null}},"40":{"start":{"line":81,"column":27},"end":{"line":84,"column":null}},"41":{"start":{"line":82,"column":8},"end":{"line":82,"column":null}},"42":{"start":{"line":83,"column":8},"end":{"line":83,"column":null}},"43":{"start":{"line":86,"column":29},"end":{"line":86,"column":null}},"44":{"start":{"line":86,"column":35},"end":{"line":86,"column":null}},"45":{"start":{"line":87,"column":31},"end":{"line":89,"column":null}},"46":{"start":{"line":88,"column":8},"end":{"line":88,"column":null}},"47":{"start":{"line":90,"column":35},"end":{"line":98,"column":null}},"48":{"start":{"line":91,"column":8},"end":{"line":91,"column":null}},"49":{"start":{"line":92,"column":8},"end":{"line":92,"column":null}},"50":{"start":{"line":93,"column":8},"end":{"line":93,"column":null}},"51":{"start":{"line":94,"column":8},"end":{"line":94,"column":null}},"52":{"start":{"line":95,"column":8},"end":{"line":95,"column":null}},"53":{"start":{"line":96,"column":8},"end":{"line":96,"column":null}},"54":{"start":{"line":97,"column":8},"end":{"line":97,"column":null}},"55":{"start":{"line":100,"column":4},"end":{"line":124,"column":null}}},"fnMap":{"0":{"name":"CustomerPage","decl":{"start":{"line":22,"column":24},"end":{"line":22,"column":39}},"loc":{"start":{"line":22,"column":39},"end":{"line":126,"column":null}},"line":22},"1":{"name":"(anonymous_1)","decl":{"start":{"line":30,"column":33},"end":{"line":30,"column":34}},"loc":{"start":{"line":30,"column":55},"end":{"line":30,"column":86}},"line":30},"2":{"name":"(anonymous_2)","decl":{"start":{"line":31,"column":33},"end":{"line":31,"column":34}},"loc":{"start":{"line":31,"column":55},"end":{"line":31,"column":78}},"line":31},"3":{"name":"(anonymous_3)","decl":{"start":{"line":32,"column":32},"end":{"line":32,"column":33}},"loc":{"start":{"line":32,"column":54},"end":{"line":32,"column":83}},"line":32},"4":{"name":"(anonymous_4)","decl":{"start":{"line":33,"column":29},"end":{"line":33,"column":30}},"loc":{"start":{"line":33,"column":51},"end":{"line":33,"column":66}},"line":33},"5":{"name":"(anonymous_5)","decl":{"start":{"line":34,"column":41},"end":{"line":34,"column":42}},"loc":{"start":{"line":34,"column":63},"end":{"line":34,"column":102}},"line":34},"6":{"name":"(anonymous_6)","decl":{"start":{"line":42,"column":27},"end":{"line":42,"column":28}},"loc":{"start":{"line":42,"column":47},"end":{"line":45,"column":null}},"line":42},"7":{"name":"(anonymous_7)","decl":{"start":{"line":47,"column":34},"end":{"line":47,"column":35}},"loc":{"start":{"line":47,"column":54},"end":{"line":50,"column":null}},"line":47},"8":{"name":"(anonymous_8)","decl":{"start":{"line":52,"column":40},"end":{"line":52,"column":52}},"loc":{"start":{"line":52,"column":52},"end":{"line":67,"column":null}},"line":52},"9":{"name":"(anonymous_9)","decl":{"start":{"line":69,"column":41},"end":{"line":69,"column":53}},"loc":{"start":{"line":69,"column":53},"end":{"line":79,"column":null}},"line":69},"10":{"name":"(anonymous_10)","decl":{"start":{"line":81,"column":27},"end":{"line":81,"column":33}},"loc":{"start":{"line":81,"column":33},"end":{"line":84,"column":null}},"line":81},"11":{"name":"(anonymous_11)","decl":{"start":{"line":86,"column":29},"end":{"line":86,"column":35}},"loc":{"start":{"line":86,"column":35},"end":{"line":86,"column":null}},"line":86},"12":{"name":"(anonymous_12)","decl":{"start":{"line":87,"column":31},"end":{"line":87,"column":37}},"loc":{"start":{"line":87,"column":37},"end":{"line":89,"column":null}},"line":87},"13":{"name":"(anonymous_13)","decl":{"start":{"line":90,"column":35},"end":{"line":90,"column":41}},"loc":{"start":{"line":90,"column":41},"end":{"line":98,"column":null}},"line":90}},"branchMap":{"0":{"loc":{"start":{"line":53,"column":8},"end":{"line":53,"column":null}},"type":"if","locations":[{"start":{"line":53,"column":8},"end":{"line":53,"column":null}},{"start":{},"end":{}}],"line":53},"1":{"loc":{"start":{"line":53,"column":11},"end":{"line":53,"column":47}},"type":"binary-expr","locations":[{"start":{"line":53,"column":11},"end":{"line":53,"column":24}},{"start":{"line":53,"column":24},"end":{"line":53,"column":37}},{"start":{"line":53,"column":37},"end":{"line":53,"column":47}}],"line":53},"2":{"loc":{"start":{"line":102,"column":13},"end":{"line":106,"column":null}},"type":"binary-expr","locations":[{"start":{"line":102,"column":13},"end":{"line":102,"column":null}},{"start":{"line":103,"column":16},"end":{"line":106,"column":null}}],"line":102},"3":{"loc":{"start":{"line":108,"column":69},"end":{"line":108,"column":91}},"type":"binary-expr","locations":[{"start":{"line":108,"column":69},"end":{"line":108,"column":81}},{"start":{"line":108,"column":81},"end":{"line":108,"column":91}}],"line":108},"4":{"loc":{"start":{"line":109,"column":13},"end":{"line":112,"column":null}},"type":"binary-expr","locations":[{"start":{"line":109,"column":13},"end":{"line":109,"column":null}},{"start":{"line":110,"column":16},"end":{"line":112,"column":null}}],"line":109},"5":{"loc":{"start":{"line":111,"column":83},"end":{"line":111,"column":105}},"type":"binary-expr","locations":[{"start":{"line":111,"column":83},"end":{"line":111,"column":95}},{"start":{"line":111,"column":95},"end":{"line":111,"column":105}}],"line":111},"6":{"loc":{"start":{"line":114,"column":13},"end":{"line":114,"column":null}},"type":"binary-expr","locations":[{"start":{"line":114,"column":13},"end":{"line":114,"column":26}},{"start":{"line":114,"column":26},"end":{"line":114,"column":null}}],"line":114},"7":{"loc":{"start":{"line":115,"column":13},"end":{"line":115,"column":null}},"type":"binary-expr","locations":[{"start":{"line":115,"column":13},"end":{"line":115,"column":26}},{"start":{"line":115,"column":26},"end":{"line":115,"column":null}}],"line":115},"8":{"loc":{"start":{"line":116,"column":13},"end":{"line":120,"column":null}},"type":"binary-expr","locations":[{"start":{"line":116,"column":13},"end":{"line":116,"column":null}},{"start":{"line":117,"column":16},"end":{"line":120,"column":null}}],"line":116},"9":{"loc":{"start":{"line":122,"column":13},"end":{"line":122,"column":null}},"type":"binary-expr","locations":[{"start":{"line":122,"column":13},"end":{"line":122,"column":34}},{"start":{"line":122,"column":34},"end":{"line":122,"column":null}}],"line":122},"10":{"loc":{"start":{"line":123,"column":13},"end":{"line":123,"column":null}},"type":"binary-expr","locations":[{"start":{"line":123,"column":13},"end":{"line":123,"column":27}},{"start":{"line":123,"column":27},"end":{"line":123,"column":null}}],"line":123}},"s":{"0":40,"1":40,"2":40,"3":40,"4":40,"5":40,"6":74,"7":40,"8":74,"9":40,"10":74,"11":40,"12":74,"13":40,"14":74,"15":40,"16":40,"17":40,"18":40,"19":40,"20":9,"21":9,"22":40,"23":6,"24":6,"25":40,"26":3,"27":1,"28":2,"29":2,"30":2,"31":1,"32":1,"33":1,"34":40,"35":1,"36":1,"37":1,"38":0,"39":0,"40":40,"41":0,"42":0,"43":40,"44":2,"45":40,"46":0,"47":40,"48":1,"49":1,"50":1,"51":1,"52":1,"53":1,"54":1,"55":40},"f":{"0":40,"1":74,"2":74,"3":74,"4":74,"5":74,"6":9,"7":6,"8":3,"9":1,"10":0,"11":2,"12":0,"13":1},"b":{"0":[1,2],"1":[3,3,3],"2":[40,1],"3":[40,14],"4":[40,19],"5":[19,5],"6":[40,8],"7":[40,1],"8":[40,1],"9":[40,3],"10":[40,1]},"meta":{"lastBranch":11,"lastFunction":14,"lastStatement":56,"seen":{"f:22:24:22:39":0,"s:24:24:24:Infinity":0,"s:25:34:25:Infinity":1,"s:26:38:26:Infinity":2,"s:27:46:27:Infinity":3,"s:28:33:28:Infinity":4,"s:30:10:30:Infinity":5,"f:30:33:30:34":1,"s:30:55:30:86":6,"s:31:10:31:Infinity":7,"f:31:33:31:34":2,"s:31:55:31:78":8,"s:32:10:32:Infinity":9,"f:32:32:32:33":3,"s:32:54:32:83":10,"s:33:10:33:Infinity":11,"f:33:29:33:30":4,"s:33:51:33:66":12,"s:34:10:34:Infinity":13,"f:34:41:34:42":5,"s:34:63:34:102":14,"s:36:10:36:Infinity":15,"s:37:10:37:Infinity":16,"s:39:56:39:Infinity":17,"s:40:95:40:Infinity":18,"s:42:27:45:Infinity":19,"f:42:27:42:28":6,"s:43:8:43:Infinity":20,"s:44:8:44:Infinity":21,"s:47:34:50:Infinity":22,"f:47:34:47:35":7,"s:48:8:48:Infinity":23,"s:49:8:49:Infinity":24,"s:52:40:67:Infinity":25,"f:52:40:52:52":8,"b:53:8:53:Infinity:undefined:undefined:undefined:undefined":0,"s:53:8:53:Infinity":26,"b:53:11:53:24:53:24:53:37:53:37:53:47":1,"s:53:47:53:Infinity":27,"s:54:58:59:Infinity":28,"s:60:8:66:Infinity":29,"s:61:47:61:Infinity":30,"s:62:12:62:Infinity":31,"s:64:12:64:Infinity":32,"s:65:12:65:Infinity":33,"s:69:41:79:Infinity":34,"f:69:41:69:53":9,"s:70:8:78:Infinity":35,"s:71:47:73:Infinity":36,"s:74:12:74:Infinity":37,"s:76:12:76:Infinity":38,"s:77:12:77:Infinity":39,"s:81:27:84:Infinity":40,"f:81:27:81:33":10,"s:82:8:82:Infinity":41,"s:83:8:83:Infinity":42,"s:86:29:86:Infinity":43,"f:86:29:86:35":11,"s:86:35:86:Infinity":44,"s:87:31:89:Infinity":45,"f:87:31:87:37":12,"s:88:8:88:Infinity":46,"s:90:35:98:Infinity":47,"f:90:35:90:41":13,"s:91:8:91:Infinity":48,"s:92:8:92:Infinity":49,"s:93:8:93:Infinity":50,"s:94:8:94:Infinity":51,"s:95:8:95:Infinity":52,"s:96:8:96:Infinity":53,"s:97:8:97:Infinity":54,"s:100:4:124:Infinity":55,"b:102:13:102:Infinity:103:16:106:Infinity":2,"b:108:69:108:81:108:81:108:91":3,"b:109:13:109:Infinity:110:16:112:Infinity":4,"b:111:83:111:95:111:95:111:105":5,"b:114:13:114:26:114:26:114:Infinity":6,"b:115:13:115:26:115:26:115:Infinity":7,"b:116:13:116:Infinity:117:16:120:Infinity":8,"b:122:13:122:34:122:34:122:Infinity":9,"b:123:13:123:27:123:27:123:Infinity":10}}}
,"/home/erick/Documentos/credit-payment/frontend/src/features/product/pages/ProductPage.css": {"path":"/home/erick/Documentos/credit-payment/frontend/src/features/product/pages/ProductPage.css","statementMap":{},"fnMap":{},"branchMap":{},"s":{},"f":{},"b":{},"meta":{"lastBranch":0,"lastFunction":0,"lastStatement":0,"seen":{}}}
,"/home/erick/Documentos/credit-payment/frontend/src/features/product/pages/ProductPage.tsx": {"path":"/home/erick/Documentos/credit-payment/frontend/src/features/product/pages/ProductPage.tsx","statementMap":{"0":{"start":{"line":8,"column":10},"end":{"line":8,"column":null}},"1":{"start":{"line":8,"column":62},"end":{"line":8,"column":91}},"2":{"start":{"line":10,"column":4},"end":{"line":12,"column":null}},"3":{"start":{"line":11,"column":8},"end":{"line":11,"column":null}},"4":{"start":{"line":14,"column":10},"end":{"line":14,"column":null}},"5":{"start":{"line":16,"column":4},"end":{"line":33,"column":null}},"6":{"start":{"line":31,"column":62},"end":{"line":31,"column":85}}},"fnMap":{"0":{"name":"ProductPage","decl":{"start":{"line":7,"column":24},"end":{"line":7,"column":38}},"loc":{"start":{"line":7,"column":38},"end":{"line":35,"column":null}},"line":7},"1":{"name":"(anonymous_1)","decl":{"start":{"line":8,"column":40},"end":{"line":8,"column":41}},"loc":{"start":{"line":8,"column":62},"end":{"line":8,"column":91}},"line":8},"2":{"name":"(anonymous_2)","decl":{"start":{"line":31,"column":56},"end":{"line":31,"column":62}},"loc":{"start":{"line":31,"column":62},"end":{"line":31,"column":85}},"line":31}},"branchMap":{"0":{"loc":{"start":{"line":10,"column":4},"end":{"line":12,"column":null}},"type":"if","locations":[{"start":{"line":10,"column":4},"end":{"line":12,"column":null}},{"start":{},"end":{}}],"line":10}},"s":{"0":18,"1":36,"2":18,"3":2,"4":16,"5":16,"6":1},"f":{"0":18,"1":36,"2":1},"b":{"0":[2,16]},"meta":{"lastBranch":1,"lastFunction":3,"lastStatement":7,"seen":{"f:7:24:7:38":0,"s:8:10:8:Infinity":0,"f:8:40:8:41":1,"s:8:62:8:91":1,"b:10:4:12:Infinity:undefined:undefined:undefined:undefined":0,"s:10:4:12:Infinity":2,"s:11:8:11:Infinity":3,"s:14:10:14:Infinity":4,"s:16:4:33:Infinity":5,"f:31:56:31:62":2,"s:31:62:31:85":6}}}
,"/home/erick/Documentos/credit-payment/frontend/src/shared/layouts/PageLayout.css": {"path":"/home/erick/Documentos/credit-payment/frontend/src/shared/layouts/PageLayout.css","statementMap":{},"fnMap":{},"branchMap":{},"s":{},"f":{},"b":{},"meta":{"lastBranch":0,"lastFunction":0,"lastStatement":0,"seen":{}}}
,"/home/erick/Documentos/credit-payment/frontend/src/shared/layouts/PageLayout.tsx": {"path":"/home/erick/Documentos/credit-payment/frontend/src/shared/layouts/PageLayout.tsx","statementMap":{"0":{"start":{"line":11,"column":10},"end":{"line":11,"column":null}},"1":{"start":{"line":12,"column":30},"end":{"line":14,"column":null}},"2":{"start":{"line":13,"column":8},"end":{"line":13,"column":null}},"3":{"start":{"line":16,"column":4},"end":{"line":42,"column":null}}},"fnMap":{"0":{"name":"PageLayout","decl":{"start":{"line":9,"column":24},"end":{"line":9,"column":35}},"loc":{"start":{"line":9,"column":92},"end":{"line":44,"column":null}},"line":9},"1":{"name":"(anonymous_1)","decl":{"start":{"line":12,"column":30},"end":{"line":12,"column":36}},"loc":{"start":{"line":12,"column":36},"end":{"line":14,"column":null}},"line":12}},"branchMap":{"0":{"loc":{"start":{"line":9,"column":47},"end":{"line":9,"column":72}},"type":"default-arg","locations":[{"start":{"line":9,"column":55},"end":{"line":9,"column":72}}],"line":9},"1":{"loc":{"start":{"line":40,"column":17},"end":{"line":40,"column":null}},"type":"binary-expr","locations":[{"start":{"line":40,"column":17},"end":{"line":40,"column":29}},{"start":{"line":40,"column":29},"end":{"line":40,"column":null}}],"line":40}},"s":{"0":17,"1":17,"2":2,"3":17},"f":{"0":17,"1":2},"b":{"0":[17],"1":[17,14]},"meta":{"lastBranch":2,"lastFunction":2,"lastStatement":4,"seen":{"f:9:24:9:35":0,"b:9:55:9:72":0,"s:11:10:11:Infinity":0,"s:12:30:14:Infinity":1,"f:12:30:12:36":1,"s:13:8:13:Infinity":2,"s:16:4:42:Infinity":3,"b:40:17:40:29:40:29:40:Infinity":1}}}
,"/home/erick/Documentos/credit-payment/frontend/src/shared/utils/formatPrice.ts": {"path":"/home/erick/Documentos/credit-payment/frontend/src/shared/utils/formatPrice.ts","statementMap":{"0":{"start":{"line":7,"column":4},"end":{"line":12,"column":null}}},"fnMap":{"0":{"name":"formatPrice","decl":{"start":{"line":6,"column":16},"end":{"line":6,"column":28}},"loc":{"start":{"line":6,"column":51},"end":{"line":13,"column":null}},"line":6}},"branchMap":{},"s":{"0":22},"f":{"0":22},"b":{},"meta":{"lastBranch":0,"lastFunction":1,"lastStatement":1,"seen":{"f:6:16:6:28":0,"s:7:4:12:Infinity":0}}}
}
